<?xml version="1.0" encoding="UTF-8"?>
<!-- Generated by org.testng.reporters.JUnitReportReporter -->
<testsuite skipped="0" hostname="DESKTOP-N0G48FS" name="com.testcases.IndustriesCodetestcases" tests="1" failures="0" timestamp="2020-09-22T15:51:04 IST" time="70.597" errors="0">
  <testcase name="referencecode" time="70.597" classname="com.testcases.IndustriesCodetestcases"/>
  <system-out/>
</testsuite> <!-- com.testcases.IndustriesCodetestcases -->
